<?xml version="1.0" encoding="UTF-8"?>
<!-- Generated by org.testng.reporters.JUnitXMLReporter -->
<testsuite ignored="0" hostname="IND-PJHA" failures="12" tests="39" name="Regression Testing" time="230.929" errors="0" timestamp="2024-02-09T16:05:52 IST">
  <testcase classname="com.cineverse.qa.testcases.HomePageTest" name="ValidateCineverseLogoIsDisplayedTest" time="0.063"/>
  <testcase classname="com.cineverse.qa.testcases.HomePageTest" name="ValidateLiveTvIsDisplayedTest" time="0.032"/>
  <testcase classname="com.cineverse.qa.testcases.HomePageTest" name="ValidateMoviesIsDisplayedTest" time="0.021"/>
  <testcase classname="com.cineverse.qa.testcases.HomePageTest" name="ValidateShowsIsDisplayedTest" time="0.031"/>
  <testcase classname="com.cineverse.qa.testcases.HomePageTest" name="ValidateGenresIsDisplayedTest" time="0.019"/>
  <testcase classname="com.cineverse.qa.testcases.HomePageTest" name="ValidateWatchListsIsDisplayedTest" time="0.019"/>
  <testcase classname="com.cineverse.qa.testcases.HomePageTest" name="ValidateSearchIsDisplayedTest" time="0.019"/>
  <testcase classname="com.cineverse.qa.testcases.HomePageTest" name="ValidateLoginIsDisplayedTest" time="0.019"/>
  <testcase classname="com.cineverse.qa.testcases.HomePageTest" name="ValidatePromoTitleIsDisplayedTest" time="1.133"/>
  <testcase classname="com.cineverse.qa.testcases.HomePageTest" name="ValidatePromoBannerTextTest" time="0.889"/>
  <testcase classname="com.cineverse.qa.testcases.HomePageTest" name="ValidatePromoSubscribeButtonIsDisplayedTest" time="0.991"/>
  <testcase classname="com.cineverse.qa.testcases.HomePageTest" name="ValidatePromoInfoButtonIsDisplayedTest" time="1.268"/>
  <testcase classname="com.cineverse.qa.testcases.HomePageTest" name="ValidateActionShelfTrilaerTextIsDisplayedTest" time="0.851"/>
  <testcase classname="com.cineverse.qa.testcases.HomePageTest" name="VaildateActionShelfWatchTrailerButtonIsDisplayedTest" time="0.023">
    <failure type="org.openqa.selenium.InvalidSelectorException" message="invalid selector: An invalid or illegal selector was specified
  (Session info: chrome=121.0.6167.141)
For documentation on this error, please visit: https://www.selenium.dev/documentation/webdriver/troubleshooting/errors#invalid-selector-exception
Build info: version: &amp;apos;4.16.1&amp;apos;, revision: &amp;apos;9b4c83354e&amp;apos;
System info: os.name: &amp;apos;Windows 11&amp;apos;, os.arch: &amp;apos;amd64&amp;apos;, os.version: &amp;apos;10.0&amp;apos;, java.version: &amp;apos;21.0.2&amp;apos;
Driver info: org.openqa.selenium.chrome.ChromeDriver
Command: [6f21f5328b61bd8d7a5a44b60566bafa, findElement {using=id, value=}]
Capabilities {acceptInsecureCerts: false, browserName: chrome, browserVersion: 121.0.6167.141, chrome: {chromedriverVersion: 120.0.6099.109 (3419140ab66..., userDataDir: C:\Users\pjha\AppData\Local...}, fedcm:accounts: true, goog:chromeOptions: {debuggerAddress: localhost:58695}, networkConnectionEnabled: false, pageLoadStrategy: normal, platformName: windows, proxy: Proxy(), se:cdp: ws://localhost:58695/devtoo..., se:cdpVersion: 121.0.6167.141, setWindowRect: true, strictFileInteractability: false, timeouts: {implicit: 0, pageLoad: 300000, script: 30000}, unhandledPromptBehavior: dismiss and notify, webauthn:extension:credBlob: true, webauthn:extension:largeBlob: true, webauthn:extension:minPinLength: true, webauthn:extension:prf: true, webauthn:virtualAuthenticators: true}
Session ID: 6f21f5328b61bd8d7a5a44b60566bafa">
      <![CDATA[org.openqa.selenium.InvalidSelectorException: invalid selector: An invalid or illegal selector was specified
  (Session info: chrome=121.0.6167.141)
For documentation on this error, please visit: https://www.selenium.dev/documentation/webdriver/troubleshooting/errors#invalid-selector-exception
Build info: version: '4.16.1', revision: '9b4c83354e'
System info: os.name: 'Windows 11', os.arch: 'amd64', os.version: '10.0', java.version: '21.0.2'
Driver info: org.openqa.selenium.chrome.ChromeDriver
Command: [6f21f5328b61bd8d7a5a44b60566bafa, findElement {using=id, value=}]
Capabilities {acceptInsecureCerts: false, browserName: chrome, browserVersion: 121.0.6167.141, chrome: {chromedriverVersion: 120.0.6099.109 (3419140ab66..., userDataDir: C:\Users\pjha\AppData\Local...}, fedcm:accounts: true, goog:chromeOptions: {debuggerAddress: localhost:58695}, networkConnectionEnabled: false, pageLoadStrategy: normal, platformName: windows, proxy: Proxy(), se:cdp: ws://localhost:58695/devtoo..., se:cdpVersion: 121.0.6167.141, setWindowRect: true, strictFileInteractability: false, timeouts: {implicit: 0, pageLoad: 300000, script: 30000}, unhandledPromptBehavior: dismiss and notify, webauthn:extension:credBlob: true, webauthn:extension:largeBlob: true, webauthn:extension:minPinLength: true, webauthn:extension:prf: true, webauthn:virtualAuthenticators: true}
Session ID: 6f21f5328b61bd8d7a5a44b60566bafa
at org.openqa.selenium.remote.codec.w3c.W3CHttpResponseCodec.createException(W3CHttpResponseCodec.java:200)
at org.openqa.selenium.remote.codec.w3c.W3CHttpResponseCodec.decode(W3CHttpResponseCodec.java:133)
at org.openqa.selenium.remote.codec.w3c.W3CHttpResponseCodec.decode(W3CHttpResponseCodec.java:52)
at org.openqa.selenium.remote.HttpCommandExecutor.execute(HttpCommandExecutor.java:191)
at org.openqa.selenium.remote.service.DriverCommandExecutor.invokeExecute(DriverCommandExecutor.java:200)
at org.openqa.selenium.remote.service.DriverCommandExecutor.execute(DriverCommandExecutor.java:175)
at org.openqa.selenium.remote.RemoteWebDriver.execute(RemoteWebDriver.java:523)
at org.openqa.selenium.remote.ElementLocation$ElementFinder$2.findElement(ElementLocation.java:165)
at org.openqa.selenium.remote.ElementLocation.findElement(ElementLocation.java:66)
at org.openqa.selenium.remote.RemoteWebDriver.findElement(RemoteWebDriver.java:360)
at org.openqa.selenium.remote.RemoteWebDriver.findElement(RemoteWebDriver.java:354)
at org.openqa.selenium.support.pagefactory.DefaultElementLocator.findElement(DefaultElementLocator.java:68)
at org.openqa.selenium.support.pagefactory.internal.LocatingElementHandler.invoke(LocatingElementHandler.java:38)
at jdk.proxy2/jdk.proxy2.$Proxy13.isDisplayed(Unknown Source)
at com.cineverse.qa.pages.HomePage.VaildateActionShelfWatchTrailerButtonIsDisplayed(HomePage.java:246)
at com.cineverse.qa.testcases.HomePageTest.VaildateActionShelfWatchTrailerButtonIsDisplayedTest(HomePageTest.java:143)
at java.base/java.util.ArrayList.forEach(ArrayList.java:1596)
... Removed 28 stack frames]]>
    </failure>
  </testcase> <!-- VaildateActionShelfWatchTrailerButtonIsDisplayedTest -->
  <testcase classname="com.cineverse.qa.testcases.HomePageTest" name="ValidateChannelLeftSwipeButtonIsDisplayedTest" time="0.836"/>
  <testcase classname="com.cineverse.qa.testcases.HomePageTest" name="ValidateChannelRightSwipeButtonIsDisplayedTest" time="0.882"/>
  <testcase classname="com.cineverse.qa.testcases.HomePageTest" name="ValidateClickOnLiveTvTest" time="0.04"/>
  <testcase classname="com.cineverse.qa.testcases.HomePageTest" name="ValidateClickonMoviesTest" time="0.046"/>
  <testcase classname="com.cineverse.qa.testcases.HomePageTest" name="ValidateClickOnGenresTest" time="0.043"/>
  <testcase classname="com.cineverse.qa.testcases.HomePageTest" name="ValidateClickOnWatchListsTest" time="0.03">
    <failure type="org.openqa.selenium.StaleElementReferenceException" message="stale element reference: stale element not found
  (Session info: chrome=121.0.6167.141)
For documentation on this error, please visit: https://www.selenium.dev/documentation/webdriver/troubleshooting/errors#stale-element-reference-exception
Build info: version: &amp;apos;4.16.1&amp;apos;, revision: &amp;apos;9b4c83354e&amp;apos;
System info: os.name: &amp;apos;Windows 11&amp;apos;, os.arch: &amp;apos;amd64&amp;apos;, os.version: &amp;apos;10.0&amp;apos;, java.version: &amp;apos;21.0.2&amp;apos;
Driver info: org.openqa.selenium.chrome.ChromeDriver
Command: [8b9f1ddcc172819aa7268e1103416b8d, clickElement {id=8988E0D6F0B0B4BA3523C83FF13B5CB0_element_148}]
Capabilities {acceptInsecureCerts: false, browserName: chrome, browserVersion: 121.0.6167.141, chrome: {chromedriverVersion: 120.0.6099.109 (3419140ab66..., userDataDir: C:\Users\pjha\AppData\Local...}, fedcm:accounts: true, goog:chromeOptions: {debuggerAddress: localhost:58961}, networkConnectionEnabled: false, pageLoadStrategy: normal, platformName: windows, proxy: Proxy(), se:cdp: ws://localhost:58961/devtoo..., se:cdpVersion: 121.0.6167.141, setWindowRect: true, strictFileInteractability: false, timeouts: {implicit: 0, pageLoad: 300000, script: 30000}, unhandledPromptBehavior: dismiss and notify, webauthn:extension:credBlob: true, webauthn:extension:largeBlob: true, webauthn:extension:minPinLength: true, webauthn:extension:prf: true, webauthn:virtualAuthenticators: true}
Element: [[ChromeDriver: chrome on windows (8b9f1ddcc172819aa7268e1103416b8d)] -&amp;gt; xpath: //span[text()=&amp;apos;Watchlists&amp;apos;]]
Session ID: 8b9f1ddcc172819aa7268e1103416b8d">
      <![CDATA[org.openqa.selenium.StaleElementReferenceException: stale element reference: stale element not found
  (Session info: chrome=121.0.6167.141)
For documentation on this error, please visit: https://www.selenium.dev/documentation/webdriver/troubleshooting/errors#stale-element-reference-exception
Build info: version: '4.16.1', revision: '9b4c83354e'
System info: os.name: 'Windows 11', os.arch: 'amd64', os.version: '10.0', java.version: '21.0.2'
Driver info: org.openqa.selenium.chrome.ChromeDriver
Command: [8b9f1ddcc172819aa7268e1103416b8d, clickElement {id=8988E0D6F0B0B4BA3523C83FF13B5CB0_element_148}]
Capabilities {acceptInsecureCerts: false, browserName: chrome, browserVersion: 121.0.6167.141, chrome: {chromedriverVersion: 120.0.6099.109 (3419140ab66..., userDataDir: C:\Users\pjha\AppData\Local...}, fedcm:accounts: true, goog:chromeOptions: {debuggerAddress: localhost:58961}, networkConnectionEnabled: false, pageLoadStrategy: normal, platformName: windows, proxy: Proxy(), se:cdp: ws://localhost:58961/devtoo..., se:cdpVersion: 121.0.6167.141, setWindowRect: true, strictFileInteractability: false, timeouts: {implicit: 0, pageLoad: 300000, script: 30000}, unhandledPromptBehavior: dismiss and notify, webauthn:extension:credBlob: true, webauthn:extension:largeBlob: true, webauthn:extension:minPinLength: true, webauthn:extension:prf: true, webauthn:virtualAuthenticators: true}
Element: [[ChromeDriver: chrome on windows (8b9f1ddcc172819aa7268e1103416b8d)] -> xpath: //span[text()='Watchlists']]
Session ID: 8b9f1ddcc172819aa7268e1103416b8d
at org.openqa.selenium.remote.codec.w3c.W3CHttpResponseCodec.createException(W3CHttpResponseCodec.java:200)
at org.openqa.selenium.remote.codec.w3c.W3CHttpResponseCodec.decode(W3CHttpResponseCodec.java:133)
at org.openqa.selenium.remote.codec.w3c.W3CHttpResponseCodec.decode(W3CHttpResponseCodec.java:52)
at org.openqa.selenium.remote.HttpCommandExecutor.execute(HttpCommandExecutor.java:191)
at org.openqa.selenium.remote.service.DriverCommandExecutor.invokeExecute(DriverCommandExecutor.java:200)
at org.openqa.selenium.remote.service.DriverCommandExecutor.execute(DriverCommandExecutor.java:175)
at org.openqa.selenium.remote.RemoteWebDriver.execute(RemoteWebDriver.java:523)
at org.openqa.selenium.remote.RemoteWebElement.execute(RemoteWebElement.java:224)
at org.openqa.selenium.remote.RemoteWebElement.click(RemoteWebElement.java:77)
at org.openqa.selenium.support.pagefactory.internal.LocatingElementHandler.invoke(LocatingElementHandler.java:51)
at jdk.proxy2/jdk.proxy2.$Proxy13.click(Unknown Source)
at com.cineverse.qa.pages.HomePage.ValidateClickOnWatchLists(HomePage.java:285)
at com.cineverse.qa.testcases.HomePageTest.ValidateClickOnWatchListsTest(HomePageTest.java:186)
at java.base/java.util.ArrayList.forEach(ArrayList.java:1596)
... Removed 30 stack frames]]>
    </failure>
  </testcase> <!-- ValidateClickOnWatchListsTest -->
  <testcase classname="com.cineverse.qa.testcases.HomePageTest" name="ValidateClickonSearch" time="0.045"/>
  <testcase classname="com.cineverse.qa.testcases.HomePageTest" name="ValidateClickOnlogInPageTest" time="0.046"/>
  <testcase classname="com.cineverse.qa.testcases.HomePageTest" name="ValidateDocuramaIsDisplayedTest" time="0.859">
    <failure type="junit.framework.AssertionFailedError">
      <![CDATA[junit.framework.AssertionFailedError
at junit.framework.Assert.fail(Assert.java:47)
at junit.framework.Assert.assertTrue(Assert.java:20)
at junit.framework.Assert.assertTrue(Assert.java:27)
at com.cineverse.qa.testcases.HomePageTest.ValidateDocuramaIsDisplayedTest(HomePageTest.java:208)
at java.base/java.util.ArrayList.forEach(ArrayList.java:1596)
... Removed 25 stack frames]]>
    </failure>
  </testcase> <!-- ValidateDocuramaIsDisplayedTest -->
  <testcase classname="com.cineverse.qa.testcases.HomePageTest" name="ValidateTheFilmDetectiveIsDisplayedTest" time="0.865">
    <failure type="junit.framework.AssertionFailedError">
      <![CDATA[junit.framework.AssertionFailedError
at junit.framework.Assert.fail(Assert.java:47)
at junit.framework.Assert.assertTrue(Assert.java:20)
at junit.framework.Assert.assertTrue(Assert.java:27)
at com.cineverse.qa.testcases.HomePageTest.ValidateTheFilmDetectiveIsDisplayedTest(HomePageTest.java:216)
at java.base/java.util.ArrayList.forEach(ArrayList.java:1596)
... Removed 25 stack frames]]>
    </failure>
  </testcase> <!-- ValidateTheFilmDetectiveIsDisplayedTest -->
  <testcase classname="com.cineverse.qa.testcases.HomePageTest" name="ValidateConTvIsDisplayedTest" time="0.072">
    <failure type="junit.framework.AssertionFailedError">
      <![CDATA[junit.framework.AssertionFailedError
at junit.framework.Assert.fail(Assert.java:47)
at junit.framework.Assert.assertTrue(Assert.java:20)
at junit.framework.Assert.assertTrue(Assert.java:27)
at com.cineverse.qa.testcases.HomePageTest.ValidateConTvIsDisplayedTest(HomePageTest.java:224)
at java.base/java.util.ArrayList.forEach(ArrayList.java:1596)
... Removed 25 stack frames]]>
    </failure>
  </testcase> <!-- ValidateConTvIsDisplayedTest -->
  <testcase classname="com.cineverse.qa.testcases.HomePageTest" name="ValidateSoRealIsDisplayedTest" time="0.934">
    <failure type="junit.framework.AssertionFailedError">
      <![CDATA[junit.framework.AssertionFailedError
at junit.framework.Assert.fail(Assert.java:47)
at junit.framework.Assert.assertTrue(Assert.java:20)
at junit.framework.Assert.assertTrue(Assert.java:27)
at com.cineverse.qa.testcases.HomePageTest.ValidateSoRealIsDisplayedTest(HomePageTest.java:232)
at java.base/java.util.ArrayList.forEach(ArrayList.java:1596)
... Removed 25 stack frames]]>
    </failure>
  </testcase> <!-- ValidateSoRealIsDisplayedTest -->
  <testcase classname="com.cineverse.qa.testcases.HomePageTest" name="ValidateSoDramaticIsDisplayedTest" time="0.822"/>
  <testcase classname="com.cineverse.qa.testcases.HomePageTest" name="ValidateTheThreeStoogesIsDisplayedTest" time="0.606"/>
  <testcase classname="com.cineverse.qa.testcases.HomePageTest" name="ValidateAsianCrushIsDisplayedTest" time="0.631"/>
  <testcase classname="com.cineverse.qa.testcases.HomePageTest" name="ValidateFandorIsDisplayedTest" time="0.96"/>
  <testcase classname="com.cineverse.qa.testcases.HomePageTest" name="ValidateDoveChannelIsDisplayedTest" time="0.904"/>
  <testcase classname="com.cineverse.qa.testcases.HomePageTest" name="ValidateGustoTvIsDisplayedTest" time="0.863"/>
  <testcase classname="com.cineverse.qa.testcases.HomePageTest" name="ValidateRetroCrushIsDisplayedTest" time="0.071"/>
  <testcase classname="com.cineverse.qa.testcases.HomePageTest" name="ValidateTheElvisPresleyChannelIsDisplayedTest" time="0.782">
    <failure type="junit.framework.AssertionFailedError">
      <![CDATA[junit.framework.AssertionFailedError
at junit.framework.Assert.fail(Assert.java:47)
at junit.framework.Assert.assertTrue(Assert.java:20)
at junit.framework.Assert.assertTrue(Assert.java:27)
at com.cineverse.qa.testcases.HomePageTest.ValidateTheElvisPresleyChannelIsDisplayedTest(HomePageTest.java:303)
at java.base/java.util.ArrayList.forEach(ArrayList.java:1596)
... Removed 25 stack frames]]>
    </failure>
  </testcase> <!-- ValidateTheElvisPresleyChannelIsDisplayedTest -->
  <testcase classname="com.cineverse.qa.testcases.HomePageTest" name="ValidateTheBobRossChannelIsDisplayedTest" time="0.898">
    <failure type="junit.framework.AssertionFailedError">
      <![CDATA[junit.framework.AssertionFailedError
at junit.framework.Assert.fail(Assert.java:47)
at junit.framework.Assert.assertTrue(Assert.java:20)
at junit.framework.Assert.assertTrue(Assert.java:27)
at com.cineverse.qa.testcases.HomePageTest.ValidateTheBobRossChannelIsDisplayedTest(HomePageTest.java:311)
at java.base/java.util.ArrayList.forEach(ArrayList.java:1596)
... Removed 25 stack frames]]>
    </failure>
  </testcase> <!-- ValidateTheBobRossChannelIsDisplayedTest -->
  <testcase classname="com.cineverse.qa.testcases.HomePageTest" name="ValidateMidNightPulpIsDiplayedTest" time="0.85">
    <failure type="junit.framework.AssertionFailedError">
      <![CDATA[junit.framework.AssertionFailedError
at junit.framework.Assert.fail(Assert.java:47)
at junit.framework.Assert.assertTrue(Assert.java:20)
at junit.framework.Assert.assertTrue(Assert.java:27)
at com.cineverse.qa.testcases.HomePageTest.ValidateMidNightPulpIsDiplayedTest(HomePageTest.java:319)
at java.base/java.util.ArrayList.forEach(ArrayList.java:1596)
... Removed 25 stack frames]]>
    </failure>
  </testcase> <!-- ValidateMidNightPulpIsDiplayedTest -->
  <testcase classname="com.cineverse.qa.testcases.HomePageTest" name="ValidateScreamBoxIsDisplayedTest" time="0.944">
    <failure type="junit.framework.AssertionFailedError">
      <![CDATA[junit.framework.AssertionFailedError
at junit.framework.Assert.fail(Assert.java:47)
at junit.framework.Assert.assertTrue(Assert.java:20)
at junit.framework.Assert.assertTrue(Assert.java:27)
at com.cineverse.qa.testcases.HomePageTest.ValidateScreamBoxIsDisplayedTest(HomePageTest.java:327)
at java.base/java.util.ArrayList.forEach(ArrayList.java:1596)
... Removed 25 stack frames]]>
    </failure>
  </testcase> <!-- ValidateScreamBoxIsDisplayedTest -->
  <testcase classname="com.cineverse.qa.testcases.HomePageTest" name="ValidateElreyNetworkTest" time="0.89">
    <failure type="junit.framework.AssertionFailedError">
      <![CDATA[junit.framework.AssertionFailedError
at junit.framework.Assert.fail(Assert.java:47)
at junit.framework.Assert.assertTrue(Assert.java:20)
at junit.framework.Assert.assertTrue(Assert.java:27)
at com.cineverse.qa.testcases.HomePageTest.ValidateElreyNetworkTest(HomePageTest.java:335)
at java.base/java.util.ArrayList.forEach(ArrayList.java:1596)
... Removed 25 stack frames]]>
    </failure>
  </testcase> <!-- ValidateElreyNetworkTest -->
  <testcase classname="com.cineverse.qa.testcases.HomePageTest" name="ValidateLoneStarIsDisplayedTest" time="0.813">
    <failure type="junit.framework.AssertionFailedError">
      <![CDATA[junit.framework.AssertionFailedError
at junit.framework.Assert.fail(Assert.java:47)
at junit.framework.Assert.assertTrue(Assert.java:20)
at junit.framework.Assert.assertTrue(Assert.java:27)
at com.cineverse.qa.testcases.HomePageTest.ValidateLoneStarIsDisplayedTest(HomePageTest.java:344)
at java.base/java.util.ArrayList.forEach(ArrayList.java:1596)
... Removed 25 stack frames]]>
    </failure>
  </testcase> <!-- ValidateLoneStarIsDisplayedTest -->
</testsuite> <!-- Regression Testing -->
